<?xml version="1.0" encoding="UTF-8"?>
<!-- Generated by org.testng.reporters.JUnitXMLReporter -->
<testsuite hostname="RIPLBRD49" ignored="0" name="SA_JSlogin" tests="2" failures="0" timestamp="12 Jun 2018 08:34:57 GMT" time="49.966" errors="0">
  <testcase name="InvalidLoginsJS" time="30.542" classname="JSLoginTestCases.VerifyInvalidJSLogin"/>
  <testcase name="InvalidLoginsJS" time="0.003" classname="JSLoginTestCases.VerifyInvalidJSLogin">
    <skipped/>
  </testcase> <!-- InvalidLoginsJS -->
</testsuite> <!-- SA_JSlogin -->
