<?xml version="1.0" encoding="UTF-8"?>
<testng-results skipped="1" failed="0" ignored="0" total="2" passed="1">
  <reporter-output>
    <line>
      <![CDATA[Config.properties file Loaded Successfully]]>
    </line>
    <line>
      <![CDATA[This test is running throungh DataProvider....]]>
    </line>
    <line>
      <![CDATA[****Starting TestCase*****]]>
    </line>
    <line>
      <![CDATA[This test is running throungh DataProvider....]]>
    </line>
    <line>
      <![CDATA[Test Complete Browser Quit]]>
    </line>
  </reporter-output>
  <suite name="SA_JenkinsTestSuite" duration-ms="44198" started-at="2018-06-12T10:41:46Z" finished-at="2018-06-12T10:42:30Z">
    <groups>
    </groups>
    <test name="SA_JSlogin" duration-ms="44198" started-at="2018-06-12T10:41:46Z" finished-at="2018-06-12T10:42:30Z">
      <class name="JSLoginTestCases.VerifyInvalidJSLogin">
        <test-method status="PASS" signature="LoadProperties()[pri:0, instance:JSLoginTestCases.VerifyInvalidJSLogin@3c756e4d]" name="LoadProperties" is-config="true" duration-ms="50" started-at="2018-06-12T06:41:46Z" finished-at="2018-06-12T06:41:46Z">
          <reporter-output>
            <line>
              <![CDATA[Config.properties file Loaded Successfully]]>
            </line>
          </reporter-output>
        </test-method> <!-- LoadProperties -->
        <test-method status="PASS" signature="LoadDriver()[pri:0, instance:JSLoginTestCases.VerifyInvalidJSLogin@3c756e4d]" name="LoadDriver" is-config="true" duration-ms="28187" started-at="2018-06-12T06:41:46Z" finished-at="2018-06-12T06:42:14Z">
          <reporter-output>
          </reporter-output>
        </test-method> <!-- LoadDriver -->
        <test-method status="PASS" signature="InvalidLoginsJS(java.lang.String, java.lang.String, java.lang.String, java.lang.String)[pri:0, instance:JSLoginTestCases.VerifyInvalidJSLogin@3c756e4d]" name="InvalidLoginsJS" duration-ms="14407" started-at="2018-06-12T06:42:15Z" data-provider="logins" finished-at="2018-06-12T06:42:30Z">
          <params>
            <param index="0">
              <value>
                <![CDATA[TC01]]>
              </value>
            </param>
            <param index="1">
              <value>
                <![CDATA[hirendrarajawat@rangam.com]]>
              </value>
            </param>
            <param index="2">
              <value>
                <![CDATA[rangam123]]>
              </value>
            </param>
            <param index="3">
              <value>
                <![CDATA[y]]>
              </value>
            </param>
          </params>
          <reporter-output>
            <line>
              <![CDATA[This test is running throungh DataProvider....]]>
            </line>
            <line>
              <![CDATA[****Starting TestCase*****]]>
            </line>
          </reporter-output>
        </test-method> <!-- InvalidLoginsJS -->
        <test-method status="SKIP" signature="InvalidLoginsJS(java.lang.String, java.lang.String, java.lang.String, java.lang.String)[pri:0, instance:JSLoginTestCases.VerifyInvalidJSLogin@3c756e4d]" name="InvalidLoginsJS" duration-ms="1" started-at="2018-06-12T06:42:30Z" data-provider="logins" finished-at="2018-06-12T06:42:30Z">
          <params>
            <param index="0">
              <value>
                <![CDATA[TC02]]>
              </value>
            </param>
            <param index="1">
              <value>
                <![CDATA[Test@rangam.com]]>
              </value>
            </param>
            <param index="2">
              <value>
                <![CDATA[12345678]]>
              </value>
            </param>
            <param index="3">
              <value>
                <![CDATA[n]]>
              </value>
            </param>
          </params>
          <exception class="org.testng.SkipException">
            <message>
              <![CDATA[Skipping the test]]>
            </message>
            <full-stacktrace>
              <![CDATA[org.testng.SkipException: Skipping the testat JSLoginTestCases.VerifyInvalidJSLogin.InvalidLoginsJS(VerifyInvalidJSLogin.java:51)at sun.reflect.NativeMethodAccessorImpl.invoke0(Native Method)at sun.reflect.NativeMethodAccessorImpl.invoke(NativeMethodAccessorImpl.java:62)at sun.reflect.DelegatingMethodAccessorImpl.invoke(DelegatingMethodAccessorImpl.java:43)at java.lang.reflect.Method.invoke(Method.java:498)at org.testng.internal.MethodInvocationHelper.invokeMethod(MethodInvocationHelper.java:124)at org.testng.internal.Invoker.invokeMethod(Invoker.java:571)at org.testng.internal.Invoker.invokeTestMethod(Invoker.java:707)at org.testng.internal.Invoker.invokeTestMethods(Invoker.java:979)at org.testng.internal.TestMethodWorker.invokeTestMethods(TestMethodWorker.java:125)at org.testng.internal.TestMethodWorker.run(TestMethodWorker.java:109)at org.testng.TestRunner.privateRun(TestRunner.java:648)at org.testng.TestRunner.run(TestRunner.java:505)at org.testng.SuiteRunner.runTest(SuiteRunner.java:455)at org.testng.SuiteRunner.runSequentially(SuiteRunner.java:450)at org.testng.SuiteRunner.privateRun(SuiteRunner.java:415)at org.testng.SuiteRunner.run(SuiteRunner.java:364)at org.testng.SuiteRunnerWorker.runSuite(SuiteRunnerWorker.java:52)at org.testng.SuiteRunnerWorker.run(SuiteRunnerWorker.java:84)at org.testng.TestNG.runSuitesSequentially(TestNG.java:1187)at org.testng.TestNG.runSuitesLocally(TestNG.java:1116)at org.testng.TestNG.runSuites(TestNG.java:1028)at org.testng.TestNG.run(TestNG.java:996)at org.apache.maven.surefire.testng.TestNGExecutor.run(TestNGExecutor.java:283)at org.apache.maven.surefire.testng.TestNGXmlTestSuite.execute(TestNGXmlTestSuite.java:75)at org.apache.maven.surefire.testng.TestNGProvider.invoke(TestNGProvider.java:120)at org.apache.maven.surefire.booter.ForkedBooter.invokeProviderInSameClassLoader(ForkedBooter.java:373)at org.apache.maven.surefire.booter.ForkedBooter.runSuitesInProcess(ForkedBooter.java:334)at org.apache.maven.surefire.booter.ForkedBooter.execute(ForkedBooter.java:119)at org.apache.maven.surefire.booter.ForkedBooter.main(ForkedBooter.java:407)]]>
            </full-stacktrace>
          </exception> <!-- org.testng.SkipException -->
          <reporter-output>
            <line>
              <![CDATA[This test is running throungh DataProvider....]]>
            </line>
          </reporter-output>
        </test-method> <!-- InvalidLoginsJS -->
        <test-method status="PASS" signature="CloseBrowser()[pri:0, instance:JSLoginTestCases.VerifyInvalidJSLogin@3c756e4d]" name="CloseBrowser" is-config="true" duration-ms="639" started-at="2018-06-12T06:42:30Z" finished-at="2018-06-12T06:42:30Z">
          <reporter-output>
            <line>
              <![CDATA[Test Complete Browser Quit]]>
            </line>
          </reporter-output>
        </test-method> <!-- CloseBrowser -->
      </class> <!-- JSLoginTestCases.VerifyInvalidJSLogin -->
    </test> <!-- SA_JSlogin -->
  </suite> <!-- SA_JenkinsTestSuite -->
</testng-results>
