<?xml version="1.0" encoding="UTF-8"?>
<!-- Generated by org.testng.reporters.JUnitXMLReporter -->
<testsuite hostname="RIPLBRD49" ignored="0" name="SA_JSlogin" tests="2" failures="0" timestamp="12 Jun 2018 10:42:30 GMT" time="44.198" errors="0">
  <testcase name="InvalidLoginsJS" time="14.407" classname="JSLoginTestCases.VerifyInvalidJSLogin"/>
  <testcase name="InvalidLoginsJS" time="0.001" classname="JSLoginTestCases.VerifyInvalidJSLogin">
    <skipped/>
  </testcase> <!-- InvalidLoginsJS -->
</testsuite> <!-- SA_JSlogin -->
